<?xml version="1.0" encoding="UTF-8"?>
<!-- Generated by org.testng.reporters.JUnitReportReporter -->
<testsuite hostname="thecanbutler.local" name="com.seleniumTests.Class1" tests="3" failures="0" timestamp="22 Aug 2015 21:58:10 GMT" time="0.004" errors="0">
  <testcase name="advanceSearch" time="0.001" classname="com.seleniumTests.Class1"/>
  <testcase name="buyProducts" time="0.001" classname="com.seleniumTests.Class1"/>
  <testcase name="search" time="0.002" classname="com.seleniumTests.Class1"/>
</testsuite> <!-- com.seleniumTests.Class1 -->
