<?xml version="1.0" encoding="UTF-8"?>
<!-- Generated by org.testng.reporters.JUnitReportReporter -->
<testsuite hostname="thecanbutler.local" name="com.seleniumTests.TestSelenium" tests="4" failures="0" timestamp="24 Aug 2015 03:36:12 GMT" time="0.006" errors="0">
  <testcase name="launchGmail" time="0.000" classname="com.seleniumTests.TestSelenium"/>
  <testcase name="launchGmail" time="0.001" classname="com.seleniumTests.TestSelenium"/>
  <testcase name="launchGmail" time="0.004" classname="com.seleniumTests.TestSelenium"/>
  <testcase name="launchGmail" time="0.001" classname="com.seleniumTests.TestSelenium"/>
</testsuite> <!-- com.seleniumTests.TestSelenium -->
