<?xml version="1.0" encoding="UTF-8"?>
<!-- Generated by org.testng.reporters.JUnitReportReporter -->
<testsuite hostname="thecanbutler.local" name="com.seleniumTests.Class2" tests="3" failures="0" timestamp="23 Aug 2015 19:15:19 GMT" time="0.037" errors="0">
  <testcase name="fundTransfer" time="0.003" classname="com.seleniumTests.Class2"/>
  <testcase name="accountSummary" time="0.025" classname="com.seleniumTests.Class2"/>
  <testcase name="billPayment" time="0.009" classname="com.seleniumTests.Class2"/>
</testsuite> <!-- com.seleniumTests.Class2 -->
