<?xml version="1.0" encoding="UTF-8"?>
<!-- Generated by org.testng.reporters.JUnitReportReporter -->
<testsuite hostname="thecanbutler.local" name="com.seleniumTests.ExcelDataDriven" tests="5" failures="0" timestamp="23 Aug 2015 23:42:44 GMT" time="0.015" errors="0">
  <testcase name="Addition" time="0.001" classname="com.seleniumTests.ExcelDataDriven"/>
  <testcase name="Addition" time="0.001" classname="com.seleniumTests.ExcelDataDriven"/>
  <testcase name="Addition" time="0.001" classname="com.seleniumTests.ExcelDataDriven"/>
  <testcase name="Addition" time="0.001" classname="com.seleniumTests.ExcelDataDriven"/>
  <testcase name="Addition" time="0.011" classname="com.seleniumTests.ExcelDataDriven"/>
</testsuite> <!-- com.seleniumTests.ExcelDataDriven -->
